<?xml version="1.0" encoding="UTF-8"?>
<!-- Generated by org.testng.reporters.JUnitReportReporter -->
<testsuite skipped="0" hostname="vebbler-10" name="TestCases.CreatePost" tests="1" failures="0" timestamp="2020-05-27T16:17:06 IST" time="42.582" errors="0">
  <testcase name="createFBPostTest" time="42.582" classname="TestCases.CreatePost"/>
  <system-out/>
</testsuite> <!-- TestCases.CreatePost -->
